2026-04-27T02:00:35.347Z: Error: insertSystemAuditLog: new row violates row-level security policy for table "system_audit_logs"
    at insertSystemAuditLog (webpack-internal:///(rsc)/./src/models/systemAuditLogModel.ts:17:22)
    at process.processTicksAndRejections (node:internal/process/task_queues:104:5)
    at async getUnifiedEmployeeProfileController (webpack-internal:///(rsc)/./src/controllers/performanceManagementController.ts:296:5)
    at async GET (webpack-internal:///(rsc)/./src/app/api/employee-profile/route.ts:62:25)
    at async AppRouteRouteModule.do (C:\Users\weish\Downloads\HROperations\node_modules\next\dist\compiled\next-server\app-route.runtime.dev.js:10:32847)
    at async AppRouteRouteModule.handle (C:\Users\weish\Downloads\HROperations\node_modules\next\dist\compiled\next-server\app-route.runtime.dev.js:10:39868)
    at async doRender (C:\Users\weish\Downloads\HROperations\node_modules\next\dist\server\base-server.js:1452:42)
    at async responseGenerator (C:\Users\weish\Downloads\HROperations\node_modules\next\dist\server\base-server.js:1822:28)
    at async DevServer.renderToResponseWithComponentsImpl (C:\Users\weish\Downloads\HROperations\node_modules\next\dist\server\base-server.js:1832:28)
    at async DevServer.renderPageComponent (C:\Users\weish\Downloads\HROperations\node_modules\next\dist\server\base-server.js:2257:24)
    at async DevServer.renderToResponseImpl (C:\Users\weish\Downloads\HROperations\node_modules\next\dist\server\base-server.js:2295:32)
    at async DevServer.pipeImpl (C:\Users\weish\Downloads\HROperations\node_modules\next\dist\server\base-server.js:959:25)
    at async NextNodeServer.handleCatchallRenderRequest (C:\Users\weish\Downloads\HROperations\node_modules\next\dist\server\next-server.js:281:17)
    at async DevServer.handleRequestImpl (C:\Users\weish\Downloads\HROperations\node_modules\next\dist\server\base-server.js:853:17)
    at async C:\Users\weish\Downloads\HROperations\node_modules\next\dist\server\dev\next-dev-server.js:371:20
    at async Span.traceAsyncFn (C:\Users\weish\Downloads\HROperations\node_modules\next\dist\trace\trace.js:153:20)
    at async DevServer.handleRequest (C:\Users\weish\Downloads\HROperations\node_modules\next\dist\server\dev\next-dev-server.js:368:24)
    at async invokeRender (C:\Users\weish\Downloads\HROperations\node_modules\next\dist\server\lib\router-server.js:230:21)
    at async handleRequest (C:\Users\weish\Downloads\HROperations\node_modules\next\dist\server\lib\router-server.js:408:24)
    at async requestHandlerImpl (C:\Users\weish\Downloads\HROperations\node_modules\next\dist\server\lib\router-server.js:432:13)
    at async Server.requestListener (C:\Users\weish\Downloads\HROperations\node_modules\next\dist\server\lib\start-server.js:146:13)
2026-04-27T02:01:58.825Z: ERROR! Key was: eyJhbGciOiJIUzI - Error: insertSystemAuditLog: new row violates row-level security policy for table "system_audit_logs"
    at insertSystemAuditLog (webpack-internal:///(rsc)/./src/models/systemAuditLogModel.ts:17:22)
    at process.processTicksAndRejections (node:internal/process/task_queues:104:5)
    at async getUnifiedEmployeeProfileController (webpack-internal:///(rsc)/./src/controllers/performanceManagementController.ts:296:5)
    at async GET (webpack-internal:///(rsc)/./src/app/api/employee-profile/route.ts:62:25)
    at async AppRouteRouteModule.do (C:\Users\weish\Downloads\HROperations\node_modules\next\dist\compiled\next-server\app-route.runtime.dev.js:10:32847)
    at async AppRouteRouteModule.handle (C:\Users\weish\Downloads\HROperations\node_modules\next\dist\compiled\next-server\app-route.runtime.dev.js:10:39868)
    at async doRender (C:\Users\weish\Downloads\HROperations\node_modules\next\dist\server\base-server.js:1452:42)
    at async responseGenerator (C:\Users\weish\Downloads\HROperations\node_modules\next\dist\server\base-server.js:1822:28)
    at async DevServer.renderToResponseWithComponentsImpl (C:\Users\weish\Downloads\HROperations\node_modules\next\dist\server\base-server.js:1832:28)
    at async DevServer.renderPageComponent (C:\Users\weish\Downloads\HROperations\node_modules\next\dist\server\base-server.js:2257:24)
    at async DevServer.renderToResponseImpl (C:\Users\weish\Downloads\HROperations\node_modules\next\dist\server\base-server.js:2295:32)
    at async DevServer.pipeImpl (C:\Users\weish\Downloads\HROperations\node_modules\next\dist\server\base-server.js:959:25)
    at async NextNodeServer.handleCatchallRenderRequest (C:\Users\weish\Downloads\HROperations\node_modules\next\dist\server\next-server.js:281:17)
    at async DevServer.handleRequestImpl (C:\Users\weish\Downloads\HROperations\node_modules\next\dist\server\base-server.js:853:17)
    at async C:\Users\weish\Downloads\HROperations\node_modules\next\dist\server\dev\next-dev-server.js:371:20
    at async Span.traceAsyncFn (C:\Users\weish\Downloads\HROperations\node_modules\next\dist\trace\trace.js:153:20)
    at async DevServer.handleRequest (C:\Users\weish\Downloads\HROperations\node_modules\next\dist\server\dev\next-dev-server.js:368:24)
    at async invokeRender (C:\Users\weish\Downloads\HROperations\node_modules\next\dist\server\lib\router-server.js:230:21)
    at async handleRequest (C:\Users\weish\Downloads\HROperations\node_modules\next\dist\server\lib\router-server.js:408:24)
    at async requestHandlerImpl (C:\Users\weish\Downloads\HROperations\node_modules\next\dist\server\lib\router-server.js:432:13)
    at async Server.requestListener (C:\Users\weish\Downloads\HROperations\node_modules\next\dist\server\lib\start-server.js:146:13)
2026-04-27T02:03:32.809Z: JWT Payload: {"iss":"supabase","ref":"rtkxpunbtzkmnkqdvsyg","role":"service_role","iat":1776290912,"exp":2091866912} - Error: insertSystemAuditLog: new row violates row-level security policy for table "system_audit_logs"
    at insertSystemAuditLog (webpack-internal:///(rsc)/./src/models/systemAuditLogModel.ts:17:22)
    at process.processTicksAndRejections (node:internal/process/task_queues:104:5)
    at async getUnifiedEmployeeProfileController (webpack-internal:///(rsc)/./src/controllers/performanceManagementController.ts:296:5)
    at async GET (webpack-internal:///(rsc)/./src/app/api/employee-profile/route.ts:62:25)
    at async AppRouteRouteModule.do (C:\Users\weish\Downloads\HROperations\node_modules\next\dist\compiled\next-server\app-route.runtime.dev.js:10:32847)
    at async AppRouteRouteModule.handle (C:\Users\weish\Downloads\HROperations\node_modules\next\dist\compiled\next-server\app-route.runtime.dev.js:10:39868)
    at async doRender (C:\Users\weish\Downloads\HROperations\node_modules\next\dist\server\base-server.js:1452:42)
    at async responseGenerator (C:\Users\weish\Downloads\HROperations\node_modules\next\dist\server\base-server.js:1822:28)
    at async DevServer.renderToResponseWithComponentsImpl (C:\Users\weish\Downloads\HROperations\node_modules\next\dist\server\base-server.js:1832:28)
    at async DevServer.renderPageComponent (C:\Users\weish\Downloads\HROperations\node_modules\next\dist\server\base-server.js:2257:24)
    at async DevServer.renderToResponseImpl (C:\Users\weish\Downloads\HROperations\node_modules\next\dist\server\base-server.js:2295:32)
    at async DevServer.pipeImpl (C:\Users\weish\Downloads\HROperations\node_modules\next\dist\server\base-server.js:959:25)
    at async NextNodeServer.handleCatchallRenderRequest (C:\Users\weish\Downloads\HROperations\node_modules\next\dist\server\next-server.js:281:17)
    at async DevServer.handleRequestImpl (C:\Users\weish\Downloads\HROperations\node_modules\next\dist\server\base-server.js:853:17)
    at async C:\Users\weish\Downloads\HROperations\node_modules\next\dist\server\dev\next-dev-server.js:371:20
    at async Span.traceAsyncFn (C:\Users\weish\Downloads\HROperations\node_modules\next\dist\trace\trace.js:153:20)
    at async DevServer.handleRequest (C:\Users\weish\Downloads\HROperations\node_modules\next\dist\server\dev\next-dev-server.js:368:24)
    at async invokeRender (C:\Users\weish\Downloads\HROperations\node_modules\next\dist\server\lib\router-server.js:230:21)
    at async handleRequest (C:\Users\weish\Downloads\HROperations\node_modules\next\dist\server\lib\router-server.js:408:24)
    at async requestHandlerImpl (C:\Users\weish\Downloads\HROperations\node_modules\next\dist\server\lib\router-server.js:432:13)
    at async Server.requestListener (C:\Users\weish\Downloads\HROperations\node_modules\next\dist\server\lib\start-server.js:146:13)
2026-04-27T06:53:36.610Z: Success! Key was: eyJhbGciOiJIUzI
2026-04-27T06:53:39.102Z: Success! Key was: eyJhbGciOiJIUzI
2026-04-27T06:53:46.230Z: Success! Key was: eyJhbGciOiJIUzI
2026-04-27T06:53:51.814Z: Success! Key was: eyJhbGciOiJIUzI
2026-04-27T06:53:52.626Z: Success! Key was: eyJhbGciOiJIUzI
2026-04-27T06:53:53.303Z: Success! Key was: eyJhbGciOiJIUzI
2026-04-27T06:54:18.705Z: Success! Key was: eyJhbGciOiJIUzI
2026-04-27T06:54:18.709Z: Success! Key was: eyJhbGciOiJIUzI
2026-04-28T03:11:22.303Z: Success! Key was: eyJhbGciOiJIUzI
2026-04-28T03:11:22.947Z: Success! Key was: eyJhbGciOiJIUzI
2026-04-28T03:11:23.630Z: Success! Key was: eyJhbGciOiJIUzI
2026-04-28T03:11:24.925Z: Success! Key was: eyJhbGciOiJIUzI
2026-04-28T03:14:12.997Z: Success! Key was: eyJhbGciOiJIUzI
2026-04-28T03:14:13.399Z: Success! Key was: eyJhbGciOiJIUzI
2026-04-28T03:15:50.804Z: Success! Key was: eyJhbGciOiJIUzI
2026-04-28T03:15:50.838Z: Success! Key was: eyJhbGciOiJIUzI
2026-04-28T03:15:51.171Z: Success! Key was: eyJhbGciOiJIUzI
2026-04-28T03:15:51.212Z: Success! Key was: eyJhbGciOiJIUzI
2026-04-28T03:15:51.221Z: Success! Key was: eyJhbGciOiJIUzI
2026-04-28T03:16:33.504Z: Success! Key was: eyJhbGciOiJIUzI
2026-04-28T03:16:33.895Z: Success! Key was: eyJhbGciOiJIUzI
2026-04-28T03:18:15.080Z: Success! Key was: eyJhbGciOiJIUzI
2026-04-28T03:19:46.020Z: Success! Key was: eyJhbGciOiJIUzI
2026-04-28T03:27:45.859Z: Success! Key was: eyJhbGciOiJIUzI
2026-04-28T03:27:46.508Z: Success! Key was: eyJhbGciOiJIUzI
2026-04-28T03:27:47.142Z: Success! Key was: eyJhbGciOiJIUzI
2026-04-28T03:28:32.533Z: Success! Key was: eyJhbGciOiJIUzI
2026-04-28T03:28:54.140Z: Success! Key was: eyJhbGciOiJIUzI
2026-04-28T03:28:54.290Z: Success! Key was: eyJhbGciOiJIUzI
2026-04-28T03:28:54.311Z: Success! Key was: eyJhbGciOiJIUzI
2026-04-28T03:28:54.388Z: Success! Key was: eyJhbGciOiJIUzI
2026-04-28T03:28:54.444Z: Success! Key was: eyJhbGciOiJIUzI
2026-04-28T03:28:54.820Z: Success! Key was: eyJhbGciOiJIUzI
2026-04-28T03:28:55.054Z: Success! Key was: eyJhbGciOiJIUzI
2026-04-28T03:28:55.173Z: Success! Key was: eyJhbGciOiJIUzI
2026-04-28T03:28:55.286Z: Success! Key was: eyJhbGciOiJIUzI
2026-04-28T03:28:55.571Z: Success! Key was: eyJhbGciOiJIUzI
2026-04-28T03:28:55.653Z: Success! Key was: eyJhbGciOiJIUzI
2026-04-28T03:32:00.690Z: Success! Key was: eyJhbGciOiJIUzI
2026-04-28T03:32:01.364Z: Success! Key was: eyJhbGciOiJIUzI
2026-04-28T03:32:19.308Z: Success! Key was: eyJhbGciOiJIUzI
2026-04-28T03:32:19.925Z: Success! Key was: eyJhbGciOiJIUzI
2026-04-28T03:32:20.675Z: Success! Key was: eyJhbGciOiJIUzI
2026-04-28T03:32:21.319Z: Success! Key was: eyJhbGciOiJIUzI
2026-04-28T03:32:22.330Z: Success! Key was: eyJhbGciOiJIUzI
2026-04-28T03:32:22.989Z: Success! Key was: eyJhbGciOiJIUzI
2026-04-28T03:33:08.105Z: Success! Key was: eyJhbGciOiJIUzI
2026-04-28T03:33:41.374Z: Success! Key was: eyJhbGciOiJIUzI
2026-04-28T03:33:57.411Z: Success! Key was: eyJhbGciOiJIUzI
2026-04-28T03:34:37.221Z: Success! Key was: eyJhbGciOiJIUzI
2026-04-28T03:35:54.602Z: Success! Key was: eyJhbGciOiJIUzI
2026-04-28T03:35:55.377Z: Success! Key was: eyJhbGciOiJIUzI
2026-04-28T03:46:09.944Z: Success! Key was: eyJhbGciOiJIUzI
2026-04-28T03:46:17.806Z: Success! Key was: eyJhbGciOiJIUzI
2026-04-28T03:46:17.901Z: Success! Key was: eyJhbGciOiJIUzI
2026-04-28T03:46:17.991Z: Success! Key was: eyJhbGciOiJIUzI
2026-04-28T03:46:18.394Z: Success! Key was: eyJhbGciOiJIUzI
2026-04-28T03:46:18.594Z: Success! Key was: eyJhbGciOiJIUzI
2026-04-28T03:46:18.966Z: Success! Key was: eyJhbGciOiJIUzI
2026-04-28T03:46:19.001Z: Success! Key was: eyJhbGciOiJIUzI
2026-04-28T03:46:19.193Z: Success! Key was: eyJhbGciOiJIUzI
2026-04-28T03:46:19.301Z: Success! Key was: eyJhbGciOiJIUzI
2026-04-28T03:46:19.822Z: Success! Key was: eyJhbGciOiJIUzI
2026-04-28T03:46:19.828Z: Success! Key was: eyJhbGciOiJIUzI
2026-04-28T03:46:20.538Z: Success! Key was: eyJhbGciOiJIUzI
2026-04-28T03:46:21.787Z: Success! Key was: eyJhbGciOiJIUzI
2026-04-28T03:46:21.893Z: Success! Key was: eyJhbGciOiJIUzI
2026-04-28T03:46:22.109Z: Success! Key was: eyJhbGciOiJIUzI
2026-04-28T03:46:22.668Z: Success! Key was: eyJhbGciOiJIUzI
2026-04-28T03:46:22.682Z: Success! Key was: eyJhbGciOiJIUzI
2026-04-28T03:47:28.655Z: Success! Key was: eyJhbGciOiJIUzI
2026-04-28T03:47:30.546Z: Success! Key was: eyJhbGciOiJIUzI
2026-04-28T03:47:31.431Z: Success! Key was: eyJhbGciOiJIUzI
2026-04-28T03:47:32.095Z: Success! Key was: eyJhbGciOiJIUzI
2026-04-28T03:47:32.761Z: Success! Key was: eyJhbGciOiJIUzI
2026-04-28T03:47:33.423Z: Success! Key was: eyJhbGciOiJIUzI
2026-04-28T03:47:40.053Z: Success! Key was: eyJhbGciOiJIUzI
2026-04-28T03:47:40.804Z: Success! Key was: eyJhbGciOiJIUzI
2026-04-28T03:51:05.215Z: Success! Key was: eyJhbGciOiJIUzI
2026-04-28T03:51:05.835Z: Success! Key was: eyJhbGciOiJIUzI
2026-04-28T03:51:06.639Z: Success! Key was: eyJhbGciOiJIUzI
2026-04-28T03:51:09.563Z: Success! Key was: eyJhbGciOiJIUzI
2026-04-28T03:52:52.323Z: Success! Key was: eyJhbGciOiJIUzI
2026-04-28T03:52:53.429Z: Success! Key was: eyJhbGciOiJIUzI
2026-04-28T03:52:54.247Z: Success! Key was: eyJhbGciOiJIUzI
2026-04-28T03:52:55.030Z: Success! Key was: eyJhbGciOiJIUzI
2026-04-28T03:52:55.704Z: Success! Key was: eyJhbGciOiJIUzI
2026-04-28T03:52:56.397Z: Success! Key was: eyJhbGciOiJIUzI
2026-04-28T04:00:05.369Z: Success! Key was: eyJhbGciOiJIUzI
2026-04-28T04:00:45.817Z: Success! Key was: eyJhbGciOiJIUzI
2026-04-28T04:00:46.554Z: Success! Key was: eyJhbGciOiJIUzI
2026-04-28T04:00:47.225Z: Success! Key was: eyJhbGciOiJIUzI
2026-04-28T04:00:47.858Z: Success! Key was: eyJhbGciOiJIUzI
2026-04-28T04:00:48.604Z: Success! Key was: eyJhbGciOiJIUzI
2026-04-28T04:00:49.216Z: Success! Key was: eyJhbGciOiJIUzI
2026-04-28T04:03:10.030Z: Success! Key was: eyJhbGciOiJIUzI
2026-04-28T04:06:57.344Z: Success! Key was: eyJhbGciOiJIUzI
2026-04-28T04:06:57.950Z: Success! Key was: eyJhbGciOiJIUzI
2026-04-28T04:06:58.743Z: Success! Key was: eyJhbGciOiJIUzI
2026-04-28T04:06:59.387Z: Success! Key was: eyJhbGciOiJIUzI
2026-04-28T04:07:00.001Z: Success! Key was: eyJhbGciOiJIUzI
2026-04-28T04:07:00.696Z: Success! Key was: eyJhbGciOiJIUzI
2026-04-28T04:07:01.401Z: Success! Key was: eyJhbGciOiJIUzI
2026-04-28T04:07:02.036Z: Success! Key was: eyJhbGciOiJIUzI
2026-04-28T04:07:02.668Z: Success! Key was: eyJhbGciOiJIUzI
2026-04-28T04:07:03.321Z: Success! Key was: eyJhbGciOiJIUzI
2026-04-28T04:07:03.968Z: Success! Key was: eyJhbGciOiJIUzI
2026-04-28T04:07:04.644Z: Success! Key was: eyJhbGciOiJIUzI
2026-04-28T04:32:20.997Z: Success! Key was: eyJhbGciOiJIUzI
2026-04-28T04:36:50.691Z: Success! Key was: eyJhbGciOiJIUzI
2026-04-28T04:36:51.371Z: Success! Key was: eyJhbGciOiJIUzI
2026-04-28T04:36:52.013Z: Success! Key was: eyJhbGciOiJIUzI
2026-04-28T04:36:53.400Z: Success! Key was: eyJhbGciOiJIUzI
2026-04-28T04:37:17.191Z: Success! Key was: eyJhbGciOiJIUzI
2026-04-28T04:37:31.313Z: Success! Key was: eyJhbGciOiJIUzI
2026-04-28T04:37:31.844Z: Success! Key was: eyJhbGciOiJIUzI
2026-04-28T04:37:32.057Z: Success! Key was: eyJhbGciOiJIUzI
2026-04-28T04:37:32.356Z: Success! Key was: eyJhbGciOiJIUzI
2026-04-28T04:37:32.462Z: Success! Key was: eyJhbGciOiJIUzI
2026-04-28T04:37:32.870Z: Success! Key was: eyJhbGciOiJIUzI
2026-04-28T04:37:32.905Z: Success! Key was: eyJhbGciOiJIUzI
2026-04-28T04:37:33.322Z: Success! Key was: eyJhbGciOiJIUzI
2026-04-28T04:37:33.558Z: Success! Key was: eyJhbGciOiJIUzI
2026-04-28T04:37:33.563Z: Success! Key was: eyJhbGciOiJIUzI
2026-04-28T04:37:33.669Z: Success! Key was: eyJhbGciOiJIUzI
2026-04-28T04:37:34.123Z: Success! Key was: eyJhbGciOiJIUzI
2026-04-28T04:37:34.179Z: Success! Key was: eyJhbGciOiJIUzI
2026-04-28T04:42:25.637Z: Success! Key was: eyJhbGciOiJIUzI
2026-04-28T04:42:26.350Z: Success! Key was: eyJhbGciOiJIUzI
2026-04-28T04:42:27.094Z: Success! Key was: eyJhbGciOiJIUzI
2026-04-28T04:45:04.351Z: Success! Key was: eyJhbGciOiJIUzI
2026-04-28T06:10:40.880Z: Success! Key was: eyJhbGciOiJIUzI
2026-04-28T06:10:42.020Z: Success! Key was: eyJhbGciOiJIUzI
2026-04-28T06:10:43.601Z: Success! Key was: eyJhbGciOiJIUzI
2026-04-28T06:10:44.282Z: Success! Key was: eyJhbGciOiJIUzI
2026-04-28T06:10:58.489Z: Success! Key was: eyJhbGciOiJIUzI
2026-04-28T06:10:59.110Z: Success! Key was: eyJhbGciOiJIUzI
2026-04-28T06:10:59.700Z: Success! Key was: eyJhbGciOiJIUzI
2026-04-28T06:11:00.422Z: Success! Key was: eyJhbGciOiJIUzI
2026-04-28T06:11:08.829Z: Success! Key was: eyJhbGciOiJIUzI
2026-04-28T06:11:09.441Z: Success! Key was: eyJhbGciOiJIUzI
2026-04-28T06:11:10.161Z: Success! Key was: eyJhbGciOiJIUzI
2026-04-28T06:11:10.743Z: Success! Key was: eyJhbGciOiJIUzI
2026-04-28T06:20:31.315Z: Success! Key was: eyJhbGciOiJIUzI
2026-04-28T06:20:31.967Z: Success! Key was: eyJhbGciOiJIUzI
2026-04-28T06:23:04.207Z: Success! Key was: eyJhbGciOiJIUzI
2026-04-28T06:23:05.984Z: Success! Key was: eyJhbGciOiJIUzI
2026-04-28T06:24:41.141Z: Success! Key was: eyJhbGciOiJIUzI
2026-04-28T06:24:54.436Z: Success! Key was: eyJhbGciOiJIUzI
2026-04-28T06:26:18.180Z: Success! Key was: eyJhbGciOiJIUzI
2026-04-28T06:27:48.891Z: Success! Key was: eyJhbGciOiJIUzI
2026-04-28T06:29:06.176Z: Success! Key was: eyJhbGciOiJIUzI
2026-04-28T06:56:23.604Z: Success! Key was: eyJhbGciOiJIUzI
2026-04-28T06:56:24.304Z: Success! Key was: eyJhbGciOiJIUzI
2026-04-28T06:56:24.905Z: Success! Key was: eyJhbGciOiJIUzI
2026-04-28T06:56:25.506Z: Success! Key was: eyJhbGciOiJIUzI
2026-04-28T07:06:01.577Z: Success! Key was: eyJhbGciOiJIUzI
2026-04-28T07:06:03.739Z: Success! Key was: eyJhbGciOiJIUzI
2026-04-28T07:06:04.534Z: Success! Key was: eyJhbGciOiJIUzI
2026-04-28T07:06:05.547Z: Success! Key was: eyJhbGciOiJIUzI
2026-04-28T07:08:42.372Z: Success! Key was: eyJhbGciOiJIUzI
2026-04-28T07:08:42.974Z: Success! Key was: eyJhbGciOiJIUzI
2026-04-28T07:09:17.318Z: Success! Key was: eyJhbGciOiJIUzI
2026-04-28T07:09:31.387Z: Success! Key was: eyJhbGciOiJIUzI
2026-04-28T07:09:32.302Z: Success! Key was: eyJhbGciOiJIUzI
2026-04-28T07:09:47.527Z: Success! Key was: eyJhbGciOiJIUzI
2026-04-28T07:10:55.707Z: Success! Key was: eyJhbGciOiJIUzI
2026-04-28T07:10:56.369Z: Success! Key was: eyJhbGciOiJIUzI
2026-04-28T07:11:01.222Z: Success! Key was: eyJhbGciOiJIUzI
2026-04-28T07:11:01.840Z: Success! Key was: eyJhbGciOiJIUzI
2026-04-28T07:12:56.755Z: Success! Key was: eyJhbGciOiJIUzI
2026-04-28T07:13:00.019Z: Success! Key was: eyJhbGciOiJIUzI
2026-04-28T07:15:31.512Z: Success! Key was: eyJhbGciOiJIUzI
2026-04-28T07:15:32.122Z: Success! Key was: eyJhbGciOiJIUzI
2026-04-28T07:15:32.843Z: Success! Key was: eyJhbGciOiJIUzI
2026-04-28T07:15:33.456Z: Success! Key was: eyJhbGciOiJIUzI
2026-04-28T07:19:19.229Z: Success! Key was: eyJhbGciOiJIUzI
2026-04-28T07:19:19.835Z: Success! Key was: eyJhbGciOiJIUzI
2026-04-28T07:19:20.614Z: Success! Key was: eyJhbGciOiJIUzI
2026-04-28T07:19:21.824Z: Success! Key was: eyJhbGciOiJIUzI
2026-04-28T08:06:57.086Z: Success! Key was: eyJhbGciOiJIUzI
2026-04-28T08:06:57.135Z: Success! Key was: eyJhbGciOiJIUzI
2026-04-28T08:06:57.406Z: Success! Key was: eyJhbGciOiJIUzI
2026-04-28T08:06:57.410Z: Success! Key was: eyJhbGciOiJIUzI
2026-04-28T09:39:11.908Z: Success! Key was: eyJhbGciOiJIUzI
2026-04-28T09:39:15.584Z: Success! Key was: eyJhbGciOiJIUzI
2026-04-28T09:39:16.347Z: Success! Key was: eyJhbGciOiJIUzI
2026-04-28T09:39:16.996Z: Success! Key was: eyJhbGciOiJIUzI
2026-04-28T09:43:25.012Z: Success! Key was: eyJhbGciOiJIUzI
2026-04-28T09:43:31.211Z: Success! Key was: eyJhbGciOiJIUzI
2026-04-28T09:53:46.543Z: Success! Key was: eyJhbGciOiJIUzI
2026-04-28T09:53:48.293Z: Success! Key was: eyJhbGciOiJIUzI
2026-04-28T09:53:48.884Z: Success! Key was: eyJhbGciOiJIUzI
2026-04-28T09:53:49.476Z: Success! Key was: eyJhbGciOiJIUzI
2026-04-28T09:54:03.359Z: Success! Key was: eyJhbGciOiJIUzI
2026-04-28T09:54:04.038Z: Success! Key was: eyJhbGciOiJIUzI
2026-04-29T01:53:47.453Z: Success! Key was: eyJhbGciOiJIUzI
2026-04-29T01:53:48.322Z: Success! Key was: eyJhbGciOiJIUzI
2026-04-29T01:54:14.799Z: Success! Key was: eyJhbGciOiJIUzI
2026-04-29T01:54:15.501Z: Success! Key was: eyJhbGciOiJIUzI
2026-04-29T01:54:16.200Z: Success! Key was: eyJhbGciOiJIUzI
2026-04-29T01:54:17.526Z: Success! Key was: eyJhbGciOiJIUzI
2026-04-29T01:55:04.542Z: Success! Key was: eyJhbGciOiJIUzI
2026-04-29T01:55:05.214Z: Success! Key was: eyJhbGciOiJIUzI
2026-04-29T01:55:06.016Z: Success! Key was: eyJhbGciOiJIUzI
2026-04-29T01:55:08.308Z: Success! Key was: eyJhbGciOiJIUzI
2026-04-29T02:08:00.570Z: Success! Key was: eyJhbGciOiJIUzI
2026-04-29T02:08:00.717Z: Success! Key was: eyJhbGciOiJIUzI
2026-04-29T02:08:24.723Z: Success! Key was: eyJhbGciOiJIUzI
2026-04-29T02:08:27.156Z: Success! Key was: eyJhbGciOiJIUzI
2026-04-29T02:08:53.016Z: Success! Key was: eyJhbGciOiJIUzI
2026-04-29T02:08:53.956Z: Success! Key was: eyJhbGciOiJIUzI
2026-04-29T02:20:56.234Z: Success! Key was: eyJhbGciOiJIUzI
2026-04-29T02:21:05.089Z: Success! Key was: eyJhbGciOiJIUzI
2026-04-29T02:21:07.101Z: Success! Key was: eyJhbGciOiJIUzI
2026-04-29T02:23:59.018Z: Success! Key was: eyJhbGciOiJIUzI
2026-04-29T02:38:44.962Z: Success! Key was: eyJhbGciOiJIUzI
2026-04-29T02:38:45.513Z: Success! Key was: eyJhbGciOiJIUzI
2026-04-29T02:43:15.662Z: Success! Key was: eyJhbGciOiJIUzI
2026-04-29T02:43:16.299Z: Success! Key was: eyJhbGciOiJIUzI
2026-04-29T02:43:16.938Z: Success! Key was: eyJhbGciOiJIUzI
2026-04-29T02:43:18.996Z: Success! Key was: eyJhbGciOiJIUzI
2026-04-29T02:54:59.854Z: Success! Key was: eyJhbGciOiJIUzI
2026-04-29T02:55:05.208Z: Success! Key was: eyJhbGciOiJIUzI
2026-04-29T03:01:46.186Z: Success! Key was: eyJhbGciOiJIUzI
2026-04-29T03:01:46.203Z: Success! Key was: eyJhbGciOiJIUzI
2026-04-29T03:02:35.880Z: Success! Key was: eyJhbGciOiJIUzI
2026-04-29T03:02:36.304Z: Success! Key was: eyJhbGciOiJIUzI
2026-04-29T03:02:37.886Z: Success! Key was: eyJhbGciOiJIUzI
2026-04-29T03:02:50.366Z: Success! Key was: eyJhbGciOiJIUzI
2026-04-29T03:03:21.565Z: Success! Key was: eyJhbGciOiJIUzI
2026-04-29T03:03:21.826Z: Success! Key was: eyJhbGciOiJIUzI
2026-04-29T03:04:37.451Z: Success! Key was: eyJhbGciOiJIUzI
2026-04-29T03:04:37.795Z: Success! Key was: eyJhbGciOiJIUzI
2026-04-29T03:04:39.374Z: Success! Key was: eyJhbGciOiJIUzI
2026-04-29T03:04:39.723Z: Success! Key was: eyJhbGciOiJIUzI
2026-04-29T03:05:06.561Z: Success! Key was: eyJhbGciOiJIUzI
2026-04-29T03:05:06.815Z: Success! Key was: eyJhbGciOiJIUzI
2026-04-29T03:05:07.208Z: Success! Key was: eyJhbGciOiJIUzI
2026-04-29T03:05:07.461Z: Success! Key was: eyJhbGciOiJIUzI
2026-04-29T03:05:39.575Z: Success! Key was: eyJhbGciOiJIUzI
2026-04-29T03:05:40.141Z: Success! Key was: eyJhbGciOiJIUzI
2026-04-29T03:05:44.842Z: Success! Key was: eyJhbGciOiJIUzI
2026-04-29T03:05:45.368Z: Success! Key was: eyJhbGciOiJIUzI
2026-04-29T03:05:45.609Z: Success! Key was: eyJhbGciOiJIUzI
2026-04-29T03:05:46.249Z: Success! Key was: eyJhbGciOiJIUzI
2026-04-29T03:05:51.614Z: Success! Key was: eyJhbGciOiJIUzI
2026-04-29T03:06:04.211Z: Success! Key was: eyJhbGciOiJIUzI
2026-04-29T03:06:42.382Z: Success! Key was: eyJhbGciOiJIUzI
2026-04-29T03:06:46.280Z: Success! Key was: eyJhbGciOiJIUzI
2026-04-29T03:06:47.064Z: Success! Key was: eyJhbGciOiJIUzI
2026-04-29T03:06:47.679Z: Success! Key was: eyJhbGciOiJIUzI
2026-04-29T03:06:48.248Z: Success! Key was: eyJhbGciOiJIUzI
2026-04-29T03:06:48.988Z: Success! Key was: eyJhbGciOiJIUzI
2026-04-29T03:07:35.927Z: Success! Key was: eyJhbGciOiJIUzI
2026-04-29T03:07:36.648Z: Success! Key was: eyJhbGciOiJIUzI
2026-04-29T03:10:04.366Z: Success! Key was: eyJhbGciOiJIUzI
2026-04-29T03:10:04.947Z: Success! Key was: eyJhbGciOiJIUzI
2026-04-29T03:12:15.106Z: Success! Key was: eyJhbGciOiJIUzI
2026-04-29T03:12:15.684Z: Success! Key was: eyJhbGciOiJIUzI
2026-04-29T03:13:20.996Z: Success! Key was: eyJhbGciOiJIUzI
2026-04-29T03:13:21.291Z: Success! Key was: eyJhbGciOiJIUzI
2026-04-29T03:13:46.370Z: Success! Key was: eyJhbGciOiJIUzI
2026-04-29T03:13:46.616Z: Success! Key was: eyJhbGciOiJIUzI
2026-04-29T03:14:03.665Z: Success! Key was: eyJhbGciOiJIUzI
2026-04-29T03:14:04.264Z: Success! Key was: eyJhbGciOiJIUzI
2026-04-29T03:14:04.373Z: Success! Key was: eyJhbGciOiJIUzI
2026-04-29T03:14:04.980Z: Success! Key was: eyJhbGciOiJIUzI
2026-04-29T03:17:26.161Z: Success! Key was: eyJhbGciOiJIUzI
2026-04-29T03:17:26.680Z: Success! Key was: eyJhbGciOiJIUzI
2026-04-29T03:17:27.223Z: Success! Key was: eyJhbGciOiJIUzI
2026-04-29T03:19:30.625Z: Success! Key was: eyJhbGciOiJIUzI
2026-04-29T03:19:31.155Z: Success! Key was: eyJhbGciOiJIUzI
2026-04-29T03:19:31.805Z: Success! Key was: eyJhbGciOiJIUzI
2026-04-29T03:22:59.094Z: Success! Key was: eyJhbGciOiJIUzI
2026-04-29T03:32:57.001Z: Success! Key was: eyJhbGciOiJIUzI
2026-04-29T03:32:57.338Z: Success! Key was: eyJhbGciOiJIUzI
2026-04-29T03:36:09.019Z: Success! Key was: eyJhbGciOiJIUzI
2026-04-29T03:36:09.309Z: Success! Key was: eyJhbGciOiJIUzI
2026-04-29T03:36:09.563Z: Success! Key was: eyJhbGciOiJIUzI
2026-04-29T03:36:09.801Z: Success! Key was: eyJhbGciOiJIUzI
2026-04-29T03:36:10.032Z: Success! Key was: eyJhbGciOiJIUzI
2026-04-29T03:36:10.264Z: Success! Key was: eyJhbGciOiJIUzI
2026-04-29T03:38:57.416Z: Success! Key was: eyJhbGciOiJIUzI
2026-04-29T03:42:56.660Z: Success! Key was: eyJhbGciOiJIUzI
2026-04-29T03:42:57.195Z: Success! Key was: eyJhbGciOiJIUzI
2026-04-29T03:42:57.725Z: Success! Key was: eyJhbGciOiJIUzI
2026-04-29T03:42:58.519Z: Success! Key was: eyJhbGciOiJIUzI
2026-04-29T03:43:19.838Z: Success! Key was: eyJhbGciOiJIUzI
2026-04-29T03:43:20.380Z: Success! Key was: eyJhbGciOiJIUzI
2026-04-29T03:43:22.742Z: Success! Key was: eyJhbGciOiJIUzI
2026-04-29T03:43:25.214Z: Success! Key was: eyJhbGciOiJIUzI
2026-04-29T03:43:25.754Z: Success! Key was: eyJhbGciOiJIUzI
2026-04-29T03:43:26.292Z: Success! Key was: eyJhbGciOiJIUzI
2026-04-29T03:43:42.158Z: Success! Key was: eyJhbGciOiJIUzI
2026-04-29T03:43:43.326Z: Success! Key was: eyJhbGciOiJIUzI
2026-04-29T03:43:43.850Z: Success! Key was: eyJhbGciOiJIUzI
2026-04-29T03:43:44.386Z: Success! Key was: eyJhbGciOiJIUzI
2026-04-29T03:43:53.536Z: Success! Key was: eyJhbGciOiJIUzI
2026-04-29T03:43:54.080Z: Success! Key was: eyJhbGciOiJIUzI
2026-04-29T03:43:54.605Z: Success! Key was: eyJhbGciOiJIUzI
2026-04-29T03:43:55.202Z: Success! Key was: eyJhbGciOiJIUzI
2026-04-29T03:48:20.693Z: Success! Key was: eyJhbGciOiJIUzI
2026-04-29T03:51:13.299Z: Success! Key was: eyJhbGciOiJIUzI
2026-04-29T03:51:14.131Z: Success! Key was: eyJhbGciOiJIUzI
2026-04-29T03:51:14.848Z: Success! Key was: eyJhbGciOiJIUzI
2026-04-29T03:51:15.471Z: Success! Key was: eyJhbGciOiJIUzI
2026-04-29T03:51:43.299Z: Success! Key was: eyJhbGciOiJIUzI
2026-04-29T03:51:43.873Z: Success! Key was: eyJhbGciOiJIUzI
2026-04-29T03:51:44.617Z: Success! Key was: eyJhbGciOiJIUzI
2026-04-29T03:51:46.769Z: Success! Key was: eyJhbGciOiJIUzI
2026-04-29T03:53:34.666Z: Success! Key was: eyJhbGciOiJIUzI
2026-04-29T03:53:37.055Z: Success! Key was: eyJhbGciOiJIUzI
2026-04-29T03:53:39.494Z: Success! Key was: eyJhbGciOiJIUzI
2026-04-29T03:53:40.284Z: Success! Key was: eyJhbGciOiJIUzI
2026-04-29T03:53:40.977Z: Success! Key was: eyJhbGciOiJIUzI
2026-04-29T03:53:41.519Z: Success! Key was: eyJhbGciOiJIUzI
2026-04-29T03:53:50.778Z: Success! Key was: eyJhbGciOiJIUzI
2026-04-29T03:53:58.774Z: Success! Key was: eyJhbGciOiJIUzI
2026-04-29T03:54:05.588Z: Success! Key was: eyJhbGciOiJIUzI
2026-04-29T03:54:06.336Z: Success! Key was: eyJhbGciOiJIUzI
2026-04-29T03:54:56.370Z: Success! Key was: eyJhbGciOiJIUzI
2026-04-29T03:54:56.975Z: Success! Key was: eyJhbGciOiJIUzI
2026-04-29T03:56:47.214Z: Success! Key was: eyJhbGciOiJIUzI
2026-04-29T03:58:08.497Z: Success! Key was: eyJhbGciOiJIUzI
2026-04-29T03:58:09.035Z: Success! Key was: eyJhbGciOiJIUzI
2026-04-29T03:58:09.572Z: Success! Key was: eyJhbGciOiJIUzI
2026-04-29T03:58:11.152Z: Success! Key was: eyJhbGciOiJIUzI
2026-04-29T03:58:17.726Z: Success! Key was: eyJhbGciOiJIUzI
2026-04-29T03:58:18.264Z: Success! Key was: eyJhbGciOiJIUzI
2026-04-29T03:59:00.953Z: Success! Key was: eyJhbGciOiJIUzI
2026-04-29T04:36:16.871Z: Success! Key was: eyJhbGciOiJIUzI
2026-04-29T04:36:17.448Z: Success! Key was: eyJhbGciOiJIUzI
2026-04-29T04:36:53.702Z: Success! Key was: eyJhbGciOiJIUzI
2026-04-29T04:36:54.286Z: Success! Key was: eyJhbGciOiJIUzI
2026-04-29T04:36:54.799Z: Success! Key was: eyJhbGciOiJIUzI
2026-04-29T04:36:56.400Z: Success! Key was: eyJhbGciOiJIUzI
2026-04-29T04:57:31.567Z: Success! Key was: eyJhbGciOiJIUzI
2026-04-29T04:57:32.004Z: Success! Key was: eyJhbGciOiJIUzI
2026-04-29T05:00:08.655Z: Success! Key was: eyJhbGciOiJIUzI
2026-04-29T05:00:12.287Z: Success! Key was: eyJhbGciOiJIUzI
2026-04-29T05:00:13.129Z: Success! Key was: eyJhbGciOiJIUzI
2026-04-29T05:00:13.706Z: Success! Key was: eyJhbGciOiJIUzI
2026-04-29T05:00:46.035Z: Success! Key was: eyJhbGciOiJIUzI
2026-04-29T05:00:46.651Z: Success! Key was: eyJhbGciOiJIUzI
2026-04-29T05:58:17.748Z: Success! Key was: eyJhbGciOiJIUzI
2026-04-29T05:58:18.391Z: Success! Key was: eyJhbGciOiJIUzI
2026-04-29T05:58:19.013Z: Success! Key was: eyJhbGciOiJIUzI
2026-04-29T05:58:20.124Z: Success! Key was: eyJhbGciOiJIUzI
2026-04-29T05:58:56.837Z: Success! Key was: eyJhbGciOiJIUzI
2026-04-29T05:59:09.122Z: Success! Key was: eyJhbGciOiJIUzI
2026-04-29T06:09:05.011Z: Success! Key was: eyJhbGciOiJIUzI
2026-04-29T06:09:05.701Z: Success! Key was: eyJhbGciOiJIUzI
2026-04-29T06:35:35.730Z: Success! Key was: eyJhbGciOiJIUzI
2026-04-29T06:35:36.304Z: Success! Key was: eyJhbGciOiJIUzI
2026-04-29T06:35:46.800Z: Success! Key was: eyJhbGciOiJIUzI
2026-04-29T06:35:47.395Z: Success! Key was: eyJhbGciOiJIUzI
2026-04-29T06:35:47.941Z: Success! Key was: eyJhbGciOiJIUzI
2026-04-29T06:35:49.063Z: Success! Key was: eyJhbGciOiJIUzI
2026-04-29T06:35:49.070Z: Success! Key was: eyJhbGciOiJIUzI
2026-04-29T06:35:49.650Z: Success! Key was: eyJhbGciOiJIUzI
2026-04-29T06:36:32.859Z: Success! Key was: eyJhbGciOiJIUzI
2026-04-29T06:36:34.121Z: Success! Key was: eyJhbGciOiJIUzI
2026-04-29T06:36:34.769Z: Success! Key was: eyJhbGciOiJIUzI
2026-04-29T06:36:35.617Z: Success! Key was: eyJhbGciOiJIUzI
2026-04-29T06:40:25.398Z: Success! Key was: eyJhbGciOiJIUzI
2026-04-29T06:40:28.433Z: Success! Key was: eyJhbGciOiJIUzI
2026-04-29T06:40:44.770Z: Success! Key was: eyJhbGciOiJIUzI
2026-04-29T06:40:45.285Z: Success! Key was: eyJhbGciOiJIUzI
2026-04-29T06:42:26.359Z: Success! Key was: eyJhbGciOiJIUzI
2026-04-29T06:42:27.019Z: Success! Key was: eyJhbGciOiJIUzI
2026-04-29T07:12:15.706Z: Success! Key was: eyJhbGciOiJIUzI
2026-04-29T07:12:16.382Z: Success! Key was: eyJhbGciOiJIUzI
2026-04-29T07:12:17.028Z: Success! Key was: eyJhbGciOiJIUzI
2026-04-29T07:12:19.537Z: Success! Key was: eyJhbGciOiJIUzI
2026-04-29T07:13:04.346Z: Success! Key was: eyJhbGciOiJIUzI
2026-04-29T07:13:05.092Z: Success! Key was: eyJhbGciOiJIUzI
2026-04-29T07:13:05.824Z: Success! Key was: eyJhbGciOiJIUzI
2026-04-29T07:13:06.729Z: Success! Key was: eyJhbGciOiJIUzI
2026-04-29T07:13:07.559Z: Success! Key was: eyJhbGciOiJIUzI
2026-04-29T07:13:08.721Z: Success! Key was: eyJhbGciOiJIUzI
2026-04-29T07:14:54.579Z: Success! Key was: eyJhbGciOiJIUzI
2026-04-29T07:14:55.256Z: Success! Key was: eyJhbGciOiJIUzI
2026-04-29T07:15:21.053Z: Success! Key was: eyJhbGciOiJIUzI
2026-04-29T07:15:25.855Z: Success! Key was: eyJhbGciOiJIUzI
2026-04-29T07:18:19.040Z: Success! Key was: eyJhbGciOiJIUzI
2026-04-29T07:18:21.018Z: Success! Key was: eyJhbGciOiJIUzI
2026-04-29T07:18:27.558Z: Success! Key was: eyJhbGciOiJIUzI
2026-04-29T07:18:27.678Z: Success! Key was: eyJhbGciOiJIUzI
2026-04-29T07:18:28.203Z: Success! Key was: eyJhbGciOiJIUzI
2026-04-29T07:18:28.847Z: Success! Key was: eyJhbGciOiJIUzI
2026-04-29T07:20:02.853Z: Success! Key was: eyJhbGciOiJIUzI
2026-04-29T07:20:03.727Z: Success! Key was: eyJhbGciOiJIUzI
2026-04-29T07:20:04.516Z: Success! Key was: eyJhbGciOiJIUzI
2026-04-29T07:20:05.539Z: Success! Key was: eyJhbGciOiJIUzI
2026-04-29T07:24:02.153Z: Success! Key was: eyJhbGciOiJIUzI
2026-04-29T07:24:02.876Z: Success! Key was: eyJhbGciOiJIUzI
2026-04-29T07:24:03.536Z: Success! Key was: eyJhbGciOiJIUzI
2026-04-29T07:24:04.811Z: Success! Key was: eyJhbGciOiJIUzI
2026-04-29T07:51:09.672Z: Success! Key was: eyJhbGciOiJIUzI
2026-04-29T07:51:10.900Z: Success! Key was: eyJhbGciOiJIUzI
2026-04-29T07:52:26.678Z: Success! Key was: eyJhbGciOiJIUzI
2026-04-29T07:52:27.839Z: Success! Key was: eyJhbGciOiJIUzI
2026-04-29T08:01:44.462Z: Success! Key was: eyJhbGciOiJIUzI
2026-04-29T08:01:45.248Z: Success! Key was: eyJhbGciOiJIUzI
2026-04-29T08:01:46.076Z: Success! Key was: eyJhbGciOiJIUzI
2026-04-29T08:01:47.819Z: Success! Key was: eyJhbGciOiJIUzI
2026-04-29T08:13:25.619Z: Success! Key was: eyJhbGciOiJIUzI
2026-04-29T08:13:26.792Z: Success! Key was: eyJhbGciOiJIUzI
2026-04-29T08:13:28.761Z: Success! Key was: eyJhbGciOiJIUzI
